

Microchip MPLAB XC8 Assembler V2.35 build 20211206165544 
                                                                                               Sat Aug 05 17:01:47 2023

Microchip MPLAB XC8 C Compiler v2.35 (Free license) build 20211206165544 Og1 
     1                           	processor	16F84A
     2                           	pagewidth 120
     3                           	opt	flic
     4                           	psect	cinit,global,class=CODE,merge=1,delta=2
     5                           	psect	cstackBANK0,global,class=BANK0,space=1,delta=1,noexec
     6                           	psect	maintext,global,class=CODE,split=1,delta=2
     7                           	psect	idloc,global,abs,ovrld,class=IDLOC,space=5,delta=2,noexec
     8                           	psect	config,global,abs,ovrld,class=CONFIG,space=4,delta=2,noexec
     9                           	dabs	1,0x4E,2
    10  0000                     
    11                           ; Version 2.40
    12                           ; Generated 17/11/2021 GMT
    13                           ; 
    14                           ; Copyright © 2021, Microchip Technology Inc. and its subsidiaries ("Microchip")
    15                           ; All rights reserved.
    16                           ; 
    17                           ; This software is developed by Microchip Technology Inc. and its subsidiaries ("Microch
      +                          ip").
    18                           ; 
    19                           ; Redistribution and use in source and binary forms, with or without modification, are
    20                           ; permitted provided that the following conditions are met:
    21                           ; 
    22                           ;     1. Redistributions of source code must retain the above copyright notice, this lis
      +                          t of
    23                           ;        conditions and the following disclaimer.
    24                           ; 
    25                           ;     2. Redistributions in binary form must reproduce the above copyright notice, this 
      +                          list
    26                           ;        of conditions and the following disclaimer in the documentation and/or other
    27                           ;        materials provided with the distribution. Publication is not required when
    28                           ;        this file is used in an embedded application.
    29                           ; 
    30                           ;     3. Microchip's name may not be used to endorse or promote products derived from th
      +                          is
    31                           ;        software without specific prior written permission.
    32                           ; 
    33                           ; THIS SOFTWARE IS PROVIDED BY MICROCHIP "AS IS" AND ANY EXPRESS OR IMPLIED WARRANTIES,
    34                           ; INCLUDING, BUT NOT LIMITED TO, THE IMPLIED WARRANTIES OF MERCHANTABILITY AND FITNESS F
      +                          OR
    35                           ; PURPOSE ARE DISCLAIMED.  IN NO EVENT SHALL MICROCHIP BE LIABLE FOR ANY DIRECT, INDIREC
      +                          T,
    36                           ; INCIDENTAL, SPECIAL, EXEMPLARY, OR CONSEQUENTIAL DAMAGES (INCLUDING BUT NOT LIMITED TO
    37                           ; PROCUREMENT OF SUBSTITUTE GOODS OR SERVICES; LOSS OF USE, DATA OR PROFITS; OR BUSINESS
    38                           ; INTERRUPTION) HOWSOEVER CAUSED AND ON ANY THEORY OF LIABILITY, WHETHER IN CONTRACT, ST
      +                          RICT
    39                           ; LIABILITY, OR TORT (INCLUDING NEGLIGENCE OR OTHERWISE) ARISING IN ANY WAY OUT OF THE U
      +                          SE OF
    40                           ; THIS SOFTWARE, EVEN IF ADVISED OF THE POSSIBILITY OF SUCH DAMAGE.
    41                           ; 
    42                           ; 
    43                           ; Code-generator required, PIC16F84A Definitions
    44                           ; 
    45                           ; SFR Addresses
    46  0000                     	;# 
    47  0001                     	;# 
    48  0002                     	;# 
    49  0003                     	;# 
    50  0004                     	;# 
    51  0005                     	;# 
    52  0006                     	;# 
    53  0008                     	;# 
    54  0009                     	;# 
    55  000A                     	;# 
    56  000B                     	;# 
    57  0081                     	;# 
    58  0085                     	;# 
    59  0086                     	;# 
    60  0088                     	;# 
    61  0089                     	;# 
    62  0000                     	;# 
    63  0001                     	;# 
    64  0002                     	;# 
    65  0003                     	;# 
    66  0004                     	;# 
    67  0005                     	;# 
    68  0006                     	;# 
    69  0008                     	;# 
    70  0009                     	;# 
    71  000A                     	;# 
    72  000B                     	;# 
    73  0081                     	;# 
    74  0085                     	;# 
    75  0086                     	;# 
    76  0088                     	;# 
    77  0089                     	;# 
    78  0006                     _PORTB	set	6
    79  0086                     _TRISB	set	134
    80                           
    81                           	psect	cinit
    82  03FE                     start_initialization:	
    83                           ; #config settings
    84                           
    85  03FE                     __initialization:
    86  03FE                     end_of_initialization:	
    87                           ;End of C runtime variable initialization code
    88                           
    89  03FE                     __end_of__initialization:
    90  03FE  0183               	clrf	3
    91  03FF  2B9B               	ljmp	_main	;jump to C main() function
    92                           
    93                           	psect	cstackBANK0
    94  000C                     __pcstackBANK0:
    95  000C                     ?_main:
    96  000C                     ??_main:	
    97                           ; 1 bytes @ 0x0
    98                           
    99                           
   100                           ; 1 bytes @ 0x0
   101  000C                     	ds	2
   102  000E                     main@i:
   103                           
   104                           ; 2 bytes @ 0x2
   105  000E                     	ds	2
   106                           
   107                           	psect	maintext
   108  039B                     __pmaintext:	
   109 ;;
   110 ;;Main: autosize = 0, tempsize = 2, incstack = 0, save=0
   111 ;;
   112 ;; *************** function _main *****************
   113 ;; Defined at:
   114 ;;		line 10 in file "main.c"
   115 ;; Parameters:    Size  Location     Type
   116 ;;		None
   117 ;; Auto vars:     Size  Location     Type
   118 ;;  i               2    2[BANK0 ] int 
   119 ;; Return value:  Size  Location     Type
   120 ;;                  1    wreg      void 
   121 ;; Registers used:
   122 ;;		wreg, status,2, status,0, btemp+1
   123 ;; Tracked objects:
   124 ;;		On entry : B00/0
   125 ;;		On exit  : 0/0
   126 ;;		Unchanged: 0/0
   127 ;; Data sizes:     COMMON   BANK0
   128 ;;      Params:         0       0
   129 ;;      Locals:         0       2
   130 ;;      Temps:          0       2
   131 ;;      Totals:         0       4
   132 ;;Total ram usage:        4 bytes
   133 ;; This function calls:
   134 ;;		Nothing
   135 ;; This function is called by:
   136 ;;		Startup code after reset
   137 ;; This function uses a non-reentrant model
   138 ;;
   139                           
   140  039B                     _main:	
   141                           ;psect for function _main
   142                           
   143  039B                     l638:	
   144                           ;incstack = 0
   145                           ; Regs used in _main: [wreg+status,2+status,0+btemp+1]
   146                           
   147                           
   148                           ;main.c: 12:         {
   149  039B  1683               	bsf	3,5	;RP0=1, select bank1
   150  039C  0186               	clrf	6	;volatile
   151                           
   152                           ;main.c: 13:             PORTB = (1 << i);
   153  039D  1283               	bcf	3,5	;RP0=0, select bank0
   154  039E  0186               	clrf	6	;volatile
   155  039F                     l11:	
   156                           ;main.c: 15:         };main.c: 17:         for (i=6; i>=1; i--)
   157                           
   158                           
   159                           ;main.c: 18:         {;main.c: 19:             PORTB = (1 << i);
   160  039F  1283               	bcf	3,5	;RP0=0, select bank0
   161  03A0  018E               	clrf	main@i
   162  03A1  018F               	clrf	main@i+1
   163  03A2                     l640:
   164  03A2  080F               	movf	main@i+1,w
   165  03A3  3A80               	xorlw	128
   166  03A4  00CF               	movwf	btemp+1
   167  03A5  3080               	movlw	128
   168  03A6  024F               	subwf	btemp+1,w
   169  03A7  1D03               	skipz
   170  03A8  2BAB               	goto	u55
   171  03A9  3008               	movlw	8
   172  03AA  020E               	subwf	main@i,w
   173  03AB                     u55:
   174  03AB  1C03               	skipc
   175  03AC  2BAE               	goto	u51
   176  03AD  2BAF               	goto	u50
   177  03AE                     u51:
   178  03AE  2BB0               	goto	l644
   179  03AF                     u50:
   180  03AF  2BCD               	goto	l652
   181  03B0                     l644:
   182                           
   183                           ;main.c: 20:             _delay((unsigned long)((50)*(4000000/4000.0)));;main.c: 21:    
      +                               }
   184  03B0  3001               	movlw	1
   185  03B1  1283               	bcf	3,5	;RP0=0, select bank0
   186  03B2  008C               	movwf	??_main
   187  03B3  0A0E               	incf	main@i,w
   188  03B4  2BB7               	goto	u64
   189  03B5                     u65:
   190  03B5  1003               	clrc
   191  03B6  0D8C               	rlf	??_main,f
   192  03B7                     u64:
   193  03B7  3EFF               	addlw	-1
   194  03B8  1D03               	skipz
   195  03B9  2BB5               	goto	u65
   196  03BA  080C               	movf	??_main,w
   197  03BB  0086               	movwf	6	;volatile
   198  03BC                     l646:
   199                           
   200                           ;main.c: 22:     }
   201  03BC  3041               	movlw	65
   202  03BD  008D               	movwf	??_main+1
   203  03BE  30EE               	movlw	238
   204  03BF  008C               	movwf	??_main
   205  03C0                     u97:
   206  03C0  0B8C               	decfsz	??_main,f
   207  03C1  2BC0               	goto	u97
   208  03C2  0B8D               	decfsz	??_main+1,f
   209  03C3  2BC0               	goto	u97
   210  03C4  0000               	nop
   211  03C5                     l648:
   212                           
   213                           ;main.c: 23: }
   214  03C5  3001               	movlw	1
   215  03C6  1283               	bcf	3,5	;RP0=0, select bank0
   216  03C7  078E               	addwf	main@i,f
   217  03C8  1803               	skipnc
   218  03C9  0A8F               	incf	main@i+1,f
   219  03CA  3000               	movlw	0
   220  03CB  078F               	addwf	main@i+1,f
   221  03CC  2BA2               	goto	l640
   222  03CD                     l652:
   223  03CD  3006               	movlw	6
   224  03CE  1283               	bcf	3,5	;RP0=0, select bank0
   225  03CF  008E               	movwf	main@i
   226  03D0  3000               	movlw	0
   227  03D1  008F               	movwf	main@i+1
   228  03D2                     l654:
   229  03D2  080F               	movf	main@i+1,w
   230  03D3  3A80               	xorlw	128
   231  03D4  00CF               	movwf	btemp+1
   232  03D5  3080               	movlw	128
   233  03D6  024F               	subwf	btemp+1,w
   234  03D7  1D03               	skipz
   235  03D8  2BDB               	goto	u75
   236  03D9  3001               	movlw	1
   237  03DA  020E               	subwf	main@i,w
   238  03DB                     u75:
   239  03DB  1803               	skipnc
   240  03DC  2BDE               	goto	u71
   241  03DD  2BDF               	goto	u70
   242  03DE                     u71:
   243  03DE  2BE0               	goto	l658
   244  03DF                     u70:
   245  03DF  2B9F               	goto	l11
   246  03E0                     l658:
   247  03E0  3001               	movlw	1
   248  03E1  1283               	bcf	3,5	;RP0=0, select bank0
   249  03E2  008C               	movwf	??_main
   250  03E3  0A0E               	incf	main@i,w
   251  03E4  2BE7               	goto	u84
   252  03E5                     u85:
   253  03E5  1003               	clrc
   254  03E6  0D8C               	rlf	??_main,f
   255  03E7                     u84:
   256  03E7  3EFF               	addlw	-1
   257  03E8  1D03               	skipz
   258  03E9  2BE5               	goto	u85
   259  03EA  080C               	movf	??_main,w
   260  03EB  0086               	movwf	6	;volatile
   261  03EC                     l660:
   262  03EC  3041               	movlw	65
   263  03ED  008D               	movwf	??_main+1
   264  03EE  30EE               	movlw	238
   265  03EF  008C               	movwf	??_main
   266  03F0                     u107:
   267  03F0  0B8C               	decfsz	??_main,f
   268  03F1  2BF0               	goto	u107
   269  03F2  0B8D               	decfsz	??_main+1,f
   270  03F3  2BF0               	goto	u107
   271  03F4  0000               	nop
   272  03F5                     l662:
   273  03F5  30FF               	movlw	255
   274  03F6  1283               	bcf	3,5	;RP0=0, select bank0
   275  03F7  078E               	addwf	main@i,f
   276  03F8  1803               	skipnc
   277  03F9  0A8F               	incf	main@i+1,f
   278  03FA  30FF               	movlw	255
   279  03FB  078F               	addwf	main@i+1,f
   280  03FC  2BD2               	goto	l654
   281  03FD  2800               	ljmp	start
   282  03FE                     __end_of_main:
   283  004E                     btemp	set	78	;btemp
   284  004E                     wtemp0	set	78
   285                           
   286                           	psect	idloc
   287                           
   288                           ;Config register IDLOC0 @ 0x2000
   289                           ;	unspecified, using default values
   290  2000                     	org	8192
   291  2000  3FFF               	dw	16383
   292                           
   293                           ;Config register IDLOC1 @ 0x2001
   294                           ;	unspecified, using default values
   295  2001                     	org	8193
   296  2001  3FFF               	dw	16383
   297                           
   298                           ;Config register IDLOC2 @ 0x2002
   299                           ;	unspecified, using default values
   300  2002                     	org	8194
   301  2002  3FFF               	dw	16383
   302                           
   303                           ;Config register IDLOC3 @ 0x2003
   304                           ;	unspecified, using default values
   305  2003                     	org	8195
   306  2003  3FFF               	dw	16383
   307                           
   308                           	psect	config
   309                           
   310                           ;Config register CONFIG @ 0x2007
   311                           ;	Oscillator Selection bits
   312                           ;	FOSC = XT, XT oscillator
   313                           ;	Watchdog Timer
   314                           ;	WDTE = OFF, WDT disabled
   315                           ;	Power-up Timer Enable bit
   316                           ;	PWRTE = OFF, Power-up Timer is disabled
   317                           ;	Code Protection bit
   318                           ;	CP = OFF, Code protection disabled
   319  2007                     	org	8199
   320  2007  3FF9               	dw	16377

Data Sizes:
    Strings     0
    Constant    0
    Data        0
    BSS         0
    Persistent  0
    Stack       0

Auto Spaces:
    Space          Size  Autos    Used
    COMMON            0      0       0
    BANK0            66      4       4

Pointer List with Targets:

    None.

Critical Paths under _main in COMMON

    None.

Critical Paths under _main in BANK0

    None.

Call Graph Tables:

 ---------------------------------------------------------------------------------
 (Depth) Function   	        Calls       Base Space   Used Autos Params    Refs
 ---------------------------------------------------------------------------------
 (0) _main                                                 4     4      0     136
                                              0 BANK0      4     4      0
 ---------------------------------------------------------------------------------
 Estimated maximum stack depth 0
 ---------------------------------------------------------------------------------

 Call Graph Graphs:

 _main (ROOT)

 Address spaces:
Name               Size   Autos  Total    Cost      Usage
BITCOMMON            0      0       0       0        0.0%
EEDATA              40      0       0       0        0.0%
NULL                 0      0       0       0        0.0%
CODE                 0      0       0       0        0.0%
BITSFR0              0      0       0       1        0.0%
SFR0                 0      0       0       1        0.0%
COMMON               0      0       0       1        0.0%
BITSFR1              0      0       0       2        0.0%
SFR1                 0      0       0       2        0.0%
STACK                0      0       0       2        0.0%
BANK0               42      4       4       3        6.1%
ABS                  0      0       0       4        0.0%
BITBANK0            42      0       0       5        0.0%
DATA                 0      0       0       6        0.0%


Microchip Technology PIC Macro Assembler V2.35 build 20211206165544 
Symbol Table                                                                                   Sat Aug 05 17:01:47 2023

                     l11 039F                       u50 03AF                       u51 03AE  
                     u70 03DF                       u71 03DE                       u55 03AB  
                     u64 03B7                       u65 03B5                       u75 03DB  
                     u84 03E7                       u85 03E5                       u97 03C0  
                    l640 03A2                      l660 03EC                      l652 03CD  
                    l644 03B0                      l662 03F5                      l654 03D2  
                    l646 03BC                      l638 039B                      l648 03C5  
                    l658 03E0                      u107 03F0                     _main 039B  
                   btemp 004E                     start 0000                    ?_main 000C  
                  _PORTB 0006                    _TRISB 0086                    main@i 000E  
                  status 0003                    wtemp0 004E          __initialization 03FE  
           __end_of_main 03FE                   ??_main 000C  __end_of__initialization 03FE  
             __pmaintext 039B     end_of_initialization 03FE      start_initialization 03FE  
              ___latbits 0000            __pcstackBANK0 000C  
