

Microchip MPLAB XC8 Assembler V2.35 build 20211206165544 
                                                                                               Sun Aug 06 19:08:39 2023

Microchip MPLAB XC8 C Compiler v2.35 (Free license) build 20211206165544 Og1 
     1                           	processor	16F84A
     2                           	pagewidth 120
     3                           	opt	flic
     4                           	psect	cinit,global,class=CODE,merge=1,delta=2
     5                           	psect	cstackBANK0,global,class=BANK0,space=1,delta=1,noexec
     6                           	psect	maintext,global,class=CODE,split=1,delta=2
     7                           	psect	text1,local,class=CODE,merge=1,delta=2
     8                           	psect	intentry,global,class=CODE,delta=2
     9                           	psect	idloc,global,abs,ovrld,class=IDLOC,space=5,delta=2,noexec
    10                           	psect	config,global,abs,ovrld,class=CONFIG,space=4,delta=2,noexec
    11                           	dabs	1,0x4E,2
    12  0000                     
    13                           ; Version 2.40
    14                           ; Generated 17/11/2021 GMT
    15                           ; 
    16                           ; Copyright © 2021, Microchip Technology Inc. and its subsidiaries ("Microchip")
    17                           ; All rights reserved.
    18                           ; 
    19                           ; This software is developed by Microchip Technology Inc. and its subsidiaries ("Microch
      +                          ip").
    20                           ; 
    21                           ; Redistribution and use in source and binary forms, with or without modification, are
    22                           ; permitted provided that the following conditions are met:
    23                           ; 
    24                           ;     1. Redistributions of source code must retain the above copyright notice, this lis
      +                          t of
    25                           ;        conditions and the following disclaimer.
    26                           ; 
    27                           ;     2. Redistributions in binary form must reproduce the above copyright notice, this 
      +                          list
    28                           ;        of conditions and the following disclaimer in the documentation and/or other
    29                           ;        materials provided with the distribution. Publication is not required when
    30                           ;        this file is used in an embedded application.
    31                           ; 
    32                           ;     3. Microchip's name may not be used to endorse or promote products derived from th
      +                          is
    33                           ;        software without specific prior written permission.
    34                           ; 
    35                           ; THIS SOFTWARE IS PROVIDED BY MICROCHIP "AS IS" AND ANY EXPRESS OR IMPLIED WARRANTIES,
    36                           ; INCLUDING, BUT NOT LIMITED TO, THE IMPLIED WARRANTIES OF MERCHANTABILITY AND FITNESS F
      +                          OR
    37                           ; PURPOSE ARE DISCLAIMED.  IN NO EVENT SHALL MICROCHIP BE LIABLE FOR ANY DIRECT, INDIREC
      +                          T,
    38                           ; INCIDENTAL, SPECIAL, EXEMPLARY, OR CONSEQUENTIAL DAMAGES (INCLUDING BUT NOT LIMITED TO
    39                           ; PROCUREMENT OF SUBSTITUTE GOODS OR SERVICES; LOSS OF USE, DATA OR PROFITS; OR BUSINESS
    40                           ; INTERRUPTION) HOWSOEVER CAUSED AND ON ANY THEORY OF LIABILITY, WHETHER IN CONTRACT, ST
      +                          RICT
    41                           ; LIABILITY, OR TORT (INCLUDING NEGLIGENCE OR OTHERWISE) ARISING IN ANY WAY OUT OF THE U
      +                          SE OF
    42                           ; THIS SOFTWARE, EVEN IF ADVISED OF THE POSSIBILITY OF SUCH DAMAGE.
    43                           ; 
    44                           ; 
    45                           ; Code-generator required, PIC16F84A Definitions
    46                           ; 
    47                           ; SFR Addresses
    48  0000                     	;# 
    49  0001                     	;# 
    50  0002                     	;# 
    51  0003                     	;# 
    52  0004                     	;# 
    53  0005                     	;# 
    54  0006                     	;# 
    55  0008                     	;# 
    56  0009                     	;# 
    57  000A                     	;# 
    58  000B                     	;# 
    59  0081                     	;# 
    60  0085                     	;# 
    61  0086                     	;# 
    62  0088                     	;# 
    63  0089                     	;# 
    64  0000                     	;# 
    65  0001                     	;# 
    66  0002                     	;# 
    67  0003                     	;# 
    68  0004                     	;# 
    69  0005                     	;# 
    70  0006                     	;# 
    71  0008                     	;# 
    72  0009                     	;# 
    73  000A                     	;# 
    74  000B                     	;# 
    75  0081                     	;# 
    76  0085                     	;# 
    77  0086                     	;# 
    78  0088                     	;# 
    79  0089                     	;# 
    80  000B                     _INTCON	set	11
    81  0006                     _PORTB	set	6
    82  0059                     _INTF	set	89
    83  005F                     _GIE	set	95
    84  0081                     _OPTION_REG	set	129
    85  0086                     _TRISB	set	134
    86                           
    87                           	psect	cinit
    88  000C                     start_initialization:	
    89                           ; #config settings
    90                           
    91  000C                     __initialization:
    92  000C                     end_of_initialization:	
    93                           ;End of C runtime variable initialization code
    94                           
    95  000C                     __end_of__initialization:
    96  000C  0183               	clrf	3
    97  000D  282B               	ljmp	_main	;jump to C main() function
    98                           
    99                           	psect	cstackBANK0
   100  000C                     __pcstackBANK0:
   101  000C                     ?_KESME:
   102  000C                     ??_KESME:	
   103                           ; 1 bytes @ 0x0
   104                           
   105  000C                     ?_main:	
   106                           ; 1 bytes @ 0x0
   107                           
   108                           
   109                           ; 1 bytes @ 0x0
   110  000C                     	ds	5
   111  0011                     ??_main:
   112                           
   113                           ; 1 bytes @ 0x5
   114  0011                     	ds	1
   115                           
   116                           	psect	maintext
   117  002B                     __pmaintext:	
   118 ;;
   119 ;;Main: autosize = 0, tempsize = 1, incstack = 0, save=0
   120 ;;
   121 ;; *************** function _main *****************
   122 ;; Defined at:
   123 ;;		line 23 in file "main.c"
   124 ;; Parameters:    Size  Location     Type
   125 ;;		None
   126 ;; Auto vars:     Size  Location     Type
   127 ;;		None
   128 ;; Return value:  Size  Location     Type
   129 ;;                  1    wreg      void 
   130 ;; Registers used:
   131 ;;		wreg, status,2, status,0
   132 ;; Tracked objects:
   133 ;;		On entry : B00/0
   134 ;;		On exit  : 0/0
   135 ;;		Unchanged: 0/0
   136 ;; Data sizes:     COMMON   BANK0
   137 ;;      Params:         0       0
   138 ;;      Locals:         0       0
   139 ;;      Temps:          0       1
   140 ;;      Totals:         0       1
   141 ;;Total ram usage:        1 bytes
   142 ;; Hardware stack levels required when called: 1
   143 ;; This function calls:
   144 ;;		Nothing
   145 ;; This function is called by:
   146 ;;		Startup code after reset
   147 ;; This function uses a non-reentrant model
   148 ;;
   149                           
   150  002B                     _main:	
   151                           ;psect for function _main
   152                           
   153  002B                     l648:	
   154                           ;incstack = 0
   155                           ; Regs used in _main: [wreg+status,2+status,0]
   156                           
   157                           
   158                           ;main.c: 25: 
   159  002B  307F               	movlw	127
   160  002C  1283               	bcf	3,5	;RP0=0, select bank0
   161  002D  0091               	movwf	??_main
   162  002E  0811               	movf	??_main,w
   163  002F  1683               	bsf	3,5	;RP0=1, select bank1
   164  0030  0586               	andwf	6,f	;volatile
   165  0031                     l650:
   166                           
   167                           ;main.c: 26:     return;
   168  0031  160B               	bsf	11,4	;volatile
   169  0032                     l652:
   170                           
   171                           ;main.c: 27: }
   172  0032  178B               	bsf	11,7	;volatile
   173  0033                     l654:
   174  0033  1701               	bsf	1,6	;volatile
   175  0034                     l25:
   176  0034  307F               	movlw	127
   177  0035  1283               	bcf	3,5	;RP0=0, select bank0
   178  0036  0091               	movwf	??_main
   179  0037  0811               	movf	??_main,w
   180  0038  0586               	andwf	6,f	;volatile
   181  0039  2834               	goto	l25
   182  003A  280B               	ljmp	start
   183  003B                     __end_of_main:
   184                           
   185                           	psect	text1
   186  000E                     __ptext1:	
   187 ;; *************** function _KESME *****************
   188 ;; Defined at:
   189 ;;		line 11 in file "main.c"
   190 ;; Parameters:    Size  Location     Type
   191 ;;		None
   192 ;; Auto vars:     Size  Location     Type
   193 ;;		None
   194 ;; Return value:  Size  Location     Type
   195 ;;                  1    wreg      void 
   196 ;; Registers used:
   197 ;;		wreg
   198 ;; Tracked objects:
   199 ;;		On entry : 0/0
   200 ;;		On exit  : 0/0
   201 ;;		Unchanged: 0/0
   202 ;; Data sizes:     COMMON   BANK0
   203 ;;      Params:         0       0
   204 ;;      Locals:         0       0
   205 ;;      Temps:          0       5
   206 ;;      Totals:         0       5
   207 ;;Total ram usage:        5 bytes
   208 ;; Hardware stack levels used: 1
   209 ;; This function calls:
   210 ;;		Nothing
   211 ;; This function is called by:
   212 ;;		Interrupt level 1
   213 ;; This function uses a non-reentrant model
   214 ;;
   215                           
   216  000E                     _KESME:	
   217                           ;psect for function _KESME
   218                           
   219  000E                     i1l638:
   220                           
   221                           ;main.c: 13: 
   222  000E  138B               	bcf	11,7	;volatile
   223                           
   224                           ;main.c: 14: void main(void)
   225  000F  1C8B               	btfss	11,1	;volatile
   226  0010  2812               	goto	u2_21
   227  0011  2813               	goto	u2_20
   228  0012                     u2_21:
   229  0012  2821               	goto	i1l644
   230  0013                     u2_20:
   231  0013                     i1l640:
   232                           
   233                           ;main.c: 15: {;main.c: 16:     TRISB &= ~(1 << 7);
   234  0013  1786               	bsf	6,7	;volatile
   235  0014                     i1l642:
   236                           
   237                           ;main.c: 17:     INTCON |= (1 << 4);
   238  0014  3006               	movlw	6
   239  0015  008E               	movwf	??_KESME+2
   240  0016  3013               	movlw	19
   241  0017  008D               	movwf	??_KESME+1
   242  0018  30AD               	movlw	173
   243  0019  008C               	movwf	??_KESME
   244  001A                     u3_27:
   245  001A  0B8C               	decfsz	??_KESME,f
   246  001B  281A               	goto	u3_27
   247  001C  0B8D               	decfsz	??_KESME+1,f
   248  001D  281A               	goto	u3_27
   249  001E  0B8E               	decfsz	??_KESME+2,f
   250  001F  281A               	goto	u3_27
   251  0020  2821               	nop2
   252  0021                     i1l644:
   253                           
   254                           ;main.c: 19:     OPTION_REG |= (1 << 6);
   255  0021  108B               	bcf	11,1	;volatile
   256  0022                     i1l646:
   257                           
   258                           ;main.c: 20: 
   259  0022  178B               	bsf	11,7	;volatile
   260  0023                     i1l20:
   261  0023  1283               	bcf	3,5	;RP0=0, select bank0
   262  0024  0810               	movf	??_KESME+4,w
   263  0025  008A               	movwf	10
   264  0026  0E0F               	swapf	??_KESME+3,w
   265  0027  0083               	movwf	3
   266  0028  0ECE               	swapf	btemp,f
   267  0029  0E4E               	swapf	btemp,w
   268  002A  0009               	retfie
   269  002B                     __end_of_KESME:
   270  004E                     btemp	set	78	;btemp
   271  004E                     wtemp0	set	78
   272                           
   273                           	psect	intentry
   274  0004                     __pintentry:	
   275                           ;incstack = 0
   276                           ; Regs used in _KESME: [wreg]
   277                           
   278  0004                     interrupt_function:
   279  004E                     saved_w	set	btemp
   280  0004  00CE               	movwf	btemp
   281  0005  0E03               	swapf	3,w
   282  0006  1283               	bcf	3,5	;RP0=0, select bank0
   283  0007  008F               	movwf	??_KESME+3
   284  0008  080A               	movf	10,w
   285  0009  0090               	movwf	??_KESME+4
   286  000A  280E               	ljmp	_KESME
   287                           
   288                           	psect	idloc
   289                           
   290                           ;Config register IDLOC0 @ 0x2000
   291                           ;	unspecified, using default values
   292  2000                     	org	8192
   293  2000  3FFF               	dw	16383
   294                           
   295                           ;Config register IDLOC1 @ 0x2001
   296                           ;	unspecified, using default values
   297  2001                     	org	8193
   298  2001  3FFF               	dw	16383
   299                           
   300                           ;Config register IDLOC2 @ 0x2002
   301                           ;	unspecified, using default values
   302  2002                     	org	8194
   303  2002  3FFF               	dw	16383
   304                           
   305                           ;Config register IDLOC3 @ 0x2003
   306                           ;	unspecified, using default values
   307  2003                     	org	8195
   308  2003  3FFF               	dw	16383
   309                           
   310                           	psect	config
   311                           
   312                           ;Config register CONFIG @ 0x2007
   313                           ;	Oscillator Selection bits
   314                           ;	FOSC = EXTRC, RC oscillator
   315                           ;	Watchdog Timer
   316                           ;	WDTE = OFF, WDT disabled
   317                           ;	Power-up Timer Enable bit
   318                           ;	PWRTE = OFF, Power-up Timer is disabled
   319                           ;	Code Protection bit
   320                           ;	CP = OFF, Code protection disabled
   321  2007                     	org	8199
   322  2007  3FFB               	dw	16379

Data Sizes:
    Strings     0
    Constant    0
    Data        0
    BSS         0
    Persistent  0
    Stack       0

Auto Spaces:
    Space          Size  Autos    Used
    COMMON            0      0       0
    BANK0            66      6       6

Pointer List with Targets:

    None.

Critical Paths under _main in COMMON

    None.

Critical Paths under _KESME in COMMON

    None.

Critical Paths under _main in BANK0

    None.

Critical Paths under _KESME in BANK0

    None.

Call Graph Tables:

 ---------------------------------------------------------------------------------
 (Depth) Function   	        Calls       Base Space   Used Autos Params    Refs
 ---------------------------------------------------------------------------------
 (0) _main                                                 1     1      0       0
                                              5 BANK0      1     1      0
 ---------------------------------------------------------------------------------
 Estimated maximum stack depth 0
 ---------------------------------------------------------------------------------
 (Depth) Function   	        Calls       Base Space   Used Autos Params    Refs
 ---------------------------------------------------------------------------------
 (1) _KESME                                                5     5      0       0
                                              0 BANK0      5     5      0
 ---------------------------------------------------------------------------------
 Estimated maximum stack depth 1
 ---------------------------------------------------------------------------------

 Call Graph Graphs:

 _main (ROOT)

 _KESME (ROOT)

 Address spaces:
Name               Size   Autos  Total    Cost      Usage
BITCOMMON            0      0       0       0        0.0%
EEDATA              40      0       0       0        0.0%
NULL                 0      0       0       0        0.0%
CODE                 0      0       0       0        0.0%
BITSFR0              0      0       0       1        0.0%
SFR0                 0      0       0       1        0.0%
COMMON               0      0       0       1        0.0%
BITSFR1              0      0       0       2        0.0%
SFR1                 0      0       0       2        0.0%
STACK                0      0       0       2        0.0%
BANK0               42      6       6       3        9.1%
ABS                  0      0       0       4        0.0%
BITBANK0            42      0       0       5        0.0%
DATA                 0      0       0       6        0.0%


Microchip Technology PIC Macro Assembler V2.35 build 20211206165544 
Symbol Table                                                                                   Sun Aug 06 19:08:39 2023

                     l25 0034                      l650 0031                      l652 0032  
                    l654 0033                      l648 002B                      _GIE 005F  
                   i1l20 0023                     _INTF 0059                     u2_20 0013  
                   u2_21 0012                     u3_27 001A                     _main 002B  
                   btemp 004E                     start 000B                    ?_main 000C  
                  _KESME 000E                    i1l640 0013                    i1l642 0014  
                  i1l644 0021                    i1l646 0022                    i1l638 000E  
                  _PORTB 0006                    _TRISB 0086                    pclath 000A  
                  status 0003                    wtemp0 004E          __initialization 000C  
           __end_of_main 003B                   ??_main 0011                   ?_KESME 000C  
                 _INTCON 000B                   saved_w 004E  __end_of__initialization 000C  
          __end_of_KESME 002B                  ??_KESME 000C               __pmaintext 002B  
             __pintentry 0004                  __ptext1 000E     end_of_initialization 000C  
    start_initialization 000C                ___latbits 0000            __pcstackBANK0 000C  
      interrupt_function 0004                 intlevel1 0000               _OPTION_REG 0081  
