

Microchip MPLAB XC8 Assembler V2.35 build 20211206165544 
                                                                                               Sat Aug 05 11:31:55 2023

Microchip MPLAB XC8 C Compiler v2.35 (Free license) build 20211206165544 Og1 
     1                           	processor	16F84A
     2                           	pagewidth 120
     3                           	opt	flic
     4                           	psect	cinit,global,class=CODE,merge=1,delta=2
     5                           	psect	cstackCOMMON,global,class=COMMON,space=1,delta=1,noexec
     6                           	psect	cstackBANK0,global,class=BANK0,space=1,delta=1,noexec
     7                           	psect	maintext,global,class=CODE,split=1,delta=2
     8                           	psect	idloc,global,abs,ovrld,class=IDLOC,space=5,delta=2,noexec
     9                           	psect	config,global,abs,ovrld,class=CONFIG,space=4,delta=2,noexec
    10                           	dabs	1,0x4E,2
    11  0000                     
    12                           ; Version 2.40
    13                           ; Generated 17/11/2021 GMT
    14                           ; 
    15                           ; Copyright © 2021, Microchip Technology Inc. and its subsidiaries ("Microchip")
    16                           ; All rights reserved.
    17                           ; 
    18                           ; This software is developed by Microchip Technology Inc. and its subsidiaries ("Microch
      +                          ip").
    19                           ; 
    20                           ; Redistribution and use in source and binary forms, with or without modification, are
    21                           ; permitted provided that the following conditions are met:
    22                           ; 
    23                           ;     1. Redistributions of source code must retain the above copyright notice, this lis
      +                          t of
    24                           ;        conditions and the following disclaimer.
    25                           ; 
    26                           ;     2. Redistributions in binary form must reproduce the above copyright notice, this 
      +                          list
    27                           ;        of conditions and the following disclaimer in the documentation and/or other
    28                           ;        materials provided with the distribution. Publication is not required when
    29                           ;        this file is used in an embedded application.
    30                           ; 
    31                           ;     3. Microchip's name may not be used to endorse or promote products derived from th
      +                          is
    32                           ;        software without specific prior written permission.
    33                           ; 
    34                           ; THIS SOFTWARE IS PROVIDED BY MICROCHIP "AS IS" AND ANY EXPRESS OR IMPLIED WARRANTIES,
    35                           ; INCLUDING, BUT NOT LIMITED TO, THE IMPLIED WARRANTIES OF MERCHANTABILITY AND FITNESS F
      +                          OR
    36                           ; PURPOSE ARE DISCLAIMED.  IN NO EVENT SHALL MICROCHIP BE LIABLE FOR ANY DIRECT, INDIREC
      +                          T,
    37                           ; INCIDENTAL, SPECIAL, EXEMPLARY, OR CONSEQUENTIAL DAMAGES (INCLUDING BUT NOT LIMITED TO
    38                           ; PROCUREMENT OF SUBSTITUTE GOODS OR SERVICES; LOSS OF USE, DATA OR PROFITS; OR BUSINESS
    39                           ; INTERRUPTION) HOWSOEVER CAUSED AND ON ANY THEORY OF LIABILITY, WHETHER IN CONTRACT, ST
      +                          RICT
    40                           ; LIABILITY, OR TORT (INCLUDING NEGLIGENCE OR OTHERWISE) ARISING IN ANY WAY OUT OF THE U
      +                          SE OF
    41                           ; THIS SOFTWARE, EVEN IF ADVISED OF THE POSSIBILITY OF SUCH DAMAGE.
    42                           ; 
    43                           ; 
    44                           ; Code-generator required, PIC16F84A Definitions
    45                           ; 
    46                           ; SFR Addresses
    47  0000                     	;# 
    48  0001                     	;# 
    49  0002                     	;# 
    50  0003                     	;# 
    51  0004                     	;# 
    52  0005                     	;# 
    53  0006                     	;# 
    54  0008                     	;# 
    55  0009                     	;# 
    56  000A                     	;# 
    57  000B                     	;# 
    58  0081                     	;# 
    59  0085                     	;# 
    60  0086                     	;# 
    61  0088                     	;# 
    62  0089                     	;# 
    63  0000                     	;# 
    64  0001                     	;# 
    65  0002                     	;# 
    66  0003                     	;# 
    67  0004                     	;# 
    68  0005                     	;# 
    69  0006                     	;# 
    70  0008                     	;# 
    71  0009                     	;# 
    72  000A                     	;# 
    73  000B                     	;# 
    74  0081                     	;# 
    75  0085                     	;# 
    76  0086                     	;# 
    77  0088                     	;# 
    78  0089                     	;# 
    79  0006                     _PORTB	set	6
    80  0086                     _TRISB	set	134
    81                           
    82                           	psect	cinit
    83  03FE                     start_initialization:	
    84                           ; #config settings
    85                           
    86  03FE                     __initialization:
    87  03FE                     end_of_initialization:	
    88                           ;End of C runtime variable initialization code
    89                           
    90  03FE                     __end_of__initialization:
    91  03FE  0183               	clrf	3
    92  03FF  2BC9               	ljmp	_main	;jump to C main() function
    93                           
    94                           	psect	cstackCOMMON
    95  0000                     __pcstackCOMMON:
    96  0000                     ??_main:
    97                           
    98                           	psect	cstackBANK0
    99  000C                     __pcstackBANK0:	
   100                           ; 1 bytes @ 0x0
   101                           
   102  000C                     ?_main:
   103  000C                     main@i:	
   104                           ; 1 bytes @ 0x0
   105                           
   106                           
   107                           ; 2 bytes @ 0x0
   108  000C                     	ds	2
   109  000E                     main@i_30:
   110                           
   111                           ; 2 bytes @ 0x2
   112  000E                     	ds	2
   113                           
   114                           	psect	maintext
   115  03C9                     __pmaintext:	
   116 ;;
   117 ;;Main: autosize = 0, tempsize = 0, incstack = 0, save=0
   118 ;;
   119 ;; *************** function _main *****************
   120 ;; Defined at:
   121 ;;		line 18 in file "main.c"
   122 ;; Parameters:    Size  Location     Type
   123 ;;		None
   124 ;; Auto vars:     Size  Location     Type
   125 ;;  i               2    2[BANK0 ] int 
   126 ;;  i               2    0[BANK0 ] int 
   127 ;; Return value:  Size  Location     Type
   128 ;;                  1    wreg      void 
   129 ;; Registers used:
   130 ;;		wreg, status,2, btemp+1
   131 ;; Tracked objects:
   132 ;;		On entry : B00/0
   133 ;;		On exit  : 0/0
   134 ;;		Unchanged: 0/0
   135 ;; Data sizes:     COMMON   BANK0
   136 ;;      Params:         0       0
   137 ;;      Locals:         0       4
   138 ;;      Temps:          0       0
   139 ;;      Totals:         0       4
   140 ;;Total ram usage:        4 bytes
   141 ;; This function calls:
   142 ;;		Nothing
   143 ;; This function is called by:
   144 ;;		Startup code after reset
   145 ;; This function uses a non-reentrant model
   146 ;;
   147                           
   148  03C9                     _main:	
   149                           ;psect for function _main
   150                           
   151  03C9                     l630:	
   152                           ;incstack = 0
   153                           ; Regs used in _main: [wreg+status,2+btemp+1]
   154                           
   155  03C9  1683               	bsf	3,5	;RP0=1, select bank1
   156  03CA  0186               	clrf	6	;volatile
   157  03CB                     l9:
   158  03CB  1283               	bcf	3,5	;RP0=0, select bank0
   159  03CC  018C               	clrf	main@i
   160  03CD  018D               	clrf	main@i+1
   161  03CE                     l636:
   162  03CE  3001               	movlw	1
   163  03CF  1283               	bcf	3,5	;RP0=0, select bank0
   164  03D0  0086               	movwf	6	;volatile
   165  03D1  3001               	movlw	1
   166  03D2  078C               	addwf	main@i,f
   167  03D3  1803               	skipnc
   168  03D4  0A8D               	incf	main@i+1,f
   169  03D5  3000               	movlw	0
   170  03D6  078D               	addwf	main@i+1,f
   171  03D7                     l638:
   172  03D7  080D               	movf	main@i+1,w
   173  03D8  3A80               	xorlw	128
   174  03D9  00CF               	movwf	btemp+1
   175  03DA  308B               	movlw	139
   176  03DB  024F               	subwf	btemp+1,w
   177  03DC  1D03               	skipz
   178  03DD  2BE0               	goto	u35
   179  03DE  30B8               	movlw	184
   180  03DF  020C               	subwf	main@i,w
   181  03E0                     u35:
   182  03E0  1C03               	skipc
   183  03E1  2BE3               	goto	u31
   184  03E2  2BE4               	goto	u30
   185  03E3                     u31:
   186  03E3  2BCE               	goto	l636
   187  03E4                     u30:
   188  03E4                     l640:
   189  03E4  1283               	bcf	3,5	;RP0=0, select bank0
   190  03E5  018E               	clrf	main@i_30
   191  03E6  018F               	clrf	main@i_30+1
   192  03E7                     l646:
   193  03E7  1283               	bcf	3,5	;RP0=0, select bank0
   194  03E8  0186               	clrf	6	;volatile
   195  03E9                     l648:
   196  03E9  3001               	movlw	1
   197  03EA  078E               	addwf	main@i_30,f
   198  03EB  1803               	skipnc
   199  03EC  0A8F               	incf	main@i_30+1,f
   200  03ED  3000               	movlw	0
   201  03EE  078F               	addwf	main@i_30+1,f
   202  03EF                     l650:
   203  03EF  080F               	movf	main@i_30+1,w
   204  03F0  3A80               	xorlw	128
   205  03F1  00CF               	movwf	btemp+1
   206  03F2  308B               	movlw	139
   207  03F3  024F               	subwf	btemp+1,w
   208  03F4  1D03               	skipz
   209  03F5  2BF8               	goto	u45
   210  03F6  30B8               	movlw	184
   211  03F7  020E               	subwf	main@i_30,w
   212  03F8                     u45:
   213  03F8  1C03               	skipc
   214  03F9  2BFB               	goto	u41
   215  03FA  2BFC               	goto	u40
   216  03FB                     u41:
   217  03FB  2BE7               	goto	l646
   218  03FC                     u40:
   219  03FC  2BCB               	goto	l9
   220  03FD  2800               	ljmp	start
   221  03FE                     __end_of_main:
   222  004E                     btemp	set	78	;btemp
   223  004E                     wtemp0	set	78
   224                           
   225                           	psect	idloc
   226                           
   227                           ;Config register IDLOC0 @ 0x2000
   228                           ;	unspecified, using default values
   229  2000                     	org	8192
   230  2000  3FFF               	dw	16383
   231                           
   232                           ;Config register IDLOC1 @ 0x2001
   233                           ;	unspecified, using default values
   234  2001                     	org	8193
   235  2001  3FFF               	dw	16383
   236                           
   237                           ;Config register IDLOC2 @ 0x2002
   238                           ;	unspecified, using default values
   239  2002                     	org	8194
   240  2002  3FFF               	dw	16383
   241                           
   242                           ;Config register IDLOC3 @ 0x2003
   243                           ;	unspecified, using default values
   244  2003                     	org	8195
   245  2003  3FFF               	dw	16383
   246                           
   247                           	psect	config
   248                           
   249                           ;Config register CONFIG @ 0x2007
   250                           ;	Oscillator Selection bits
   251                           ;	FOSC = HS, HS oscillator
   252                           ;	Watchdog Timer
   253                           ;	WDTE = ON, WDT enabled
   254                           ;	Power-up Timer Enable bit
   255                           ;	PWRTE = OFF, Power-up Timer is disabled
   256                           ;	Code Protection bit
   257                           ;	CP = OFF, Code protection disabled
   258  2007                     	org	8199
   259  2007  3FFE               	dw	16382

Data Sizes:
    Strings     0
    Constant    0
    Data        0
    BSS         0
    Persistent  0
    Stack       0

Auto Spaces:
    Space          Size  Autos    Used
    COMMON            0      0       0
    BANK0            66      4       4

Pointer List with Targets:

    None.

Critical Paths under _main in COMMON

    None.

Critical Paths under _main in BANK0

    None.

Call Graph Tables:

 ---------------------------------------------------------------------------------
 (Depth) Function   	        Calls       Base Space   Used Autos Params    Refs
 ---------------------------------------------------------------------------------
 (0) _main                                                 4     4      0      92
                                              0 BANK0      4     4      0
 ---------------------------------------------------------------------------------
 Estimated maximum stack depth 0
 ---------------------------------------------------------------------------------

 Call Graph Graphs:

 _main (ROOT)

 Address spaces:
Name               Size   Autos  Total    Cost      Usage
BITCOMMON            0      0       0       0        0.0%
EEDATA              40      0       0       0        0.0%
NULL                 0      0       0       0        0.0%
CODE                 0      0       0       0        0.0%
BITSFR0              0      0       0       1        0.0%
SFR0                 0      0       0       1        0.0%
COMMON               0      0       0       1        0.0%
BITSFR1              0      0       0       2        0.0%
SFR1                 0      0       0       2        0.0%
STACK                0      0       0       2        0.0%
BANK0               42      4       4       3        6.1%
ABS                  0      0       0       4        0.0%
BITBANK0            42      0       0       5        0.0%
DATA                 0      0       0       6        0.0%


Microchip Technology PIC Macro Assembler V2.35 build 20211206165544 
Symbol Table                                                                                   Sat Aug 05 11:31:55 2023

                      l9 03CB                       u30 03E4                       u31 03E3  
                     u40 03FC                       u41 03FB                       u35 03E0  
                     u45 03F8                      l630 03C9                      l640 03E4  
                    l650 03EF                      l636 03CE                      l646 03E7  
                    l638 03D7                      l648 03E9                     _main 03C9  
                   btemp 004E                     start 0000                    ?_main 000C  
                  _PORTB 0006                    _TRISB 0086                    main@i 000C  
                  status 0003                    wtemp0 004E          __initialization 03FE  
           __end_of_main 03FE                   ??_main 0000  __end_of__initialization 03FE  
         __pcstackCOMMON 0000               __pmaintext 03C9     end_of_initialization 03FE  
    start_initialization 03FE                ___latbits 0000            __pcstackBANK0 000C  
               main@i_30 000E  
